
Benchmark Instruction Count Comparison Table (Individual Runs):
--------------------------------------------------------------------------------------------------------------
Benchmark                         Origin Count            Rev Count                 Diff           Diff%
--------------------------------------------------------------------------------------------------------------
astar_0                        585,246,559,549      585,246,559,684                  135           0.00%
astar_1                      1,150,836,035,667    1,150,836,035,761                   94           0.00%
bzip2_0                        503,740,507,769      502,458,747,995       -1,281,759,774          -0.25%
bzip2_1                        214,987,021,253      214,822,231,021         -164,790,232          -0.08%
bzip2_2                        411,985,638,192      411,780,740,362         -204,897,830          -0.05%
bzip2_3                        621,054,349,764      619,731,610,156       -1,322,739,608          -0.21%
bzip2_4                        899,641,074,178      899,200,252,255         -440,821,923          -0.05%
bzip2_5                        404,870,685,547      403,938,913,243         -931,772,304          -0.23%
gcc_0                           82,060,658,716       82,034,102,116          -26,556,600          -0.03%
gcc_1                          168,385,931,456      168,379,125,460           -6,805,996          -0.00%
gcc_2                          140,887,162,558      140,877,291,326           -9,871,232          -0.01%
gcc_3                          104,470,247,674      104,462,694,197           -7,553,477          -0.01%
gcc_4                          112,827,066,667      112,805,146,402          -21,920,265          -0.02%
gcc_5                          151,588,045,033      151,557,192,975          -30,852,058          -0.02%
gcc_6                          182,594,674,014      182,509,955,939          -84,718,075          -0.05%
gcc_7                          171,510,749,974      171,447,732,337          -63,017,637          -0.04%
gcc_8                           66,358,113,821       66,359,142,219            1,028,398           0.00%
gobmk_0                        267,408,867,364      267,408,867,454                   90           0.00%
gobmk_1                        712,257,874,123      712,257,874,213                   90           0.00%
gobmk_2                        381,318,203,302      381,318,203,392                   90           0.00%
gobmk_3                        269,824,598,969      269,824,599,059                   90           0.00%
gobmk_4                        386,236,932,778      386,236,932,868                   90           0.00%
h264ref_0                      531,215,993,119      531,215,911,770              -81,349          -0.00%
h264ref_1                      462,460,272,241      462,460,188,869              -83,372          -0.00%
h264ref_2                    4,275,007,689,538    4,275,006,929,760             -759,778          -0.00%
hmmer_0                        962,647,208,698      962,647,208,785                   87           0.00%
hmmer_1                      2,064,047,459,718    2,064,047,460,051                  333           0.00%
mcf_0                          339,556,690,476      339,556,690,815                  339           0.00%
omnetpp_0                    1,140,976,470,567    1,140,976,470,719                  152           0.00%
perlbench_0                  1,371,130,585,072    1,371,119,863,447          -10,721,625          -0.00%
perlbench_1                    488,643,548,416      488,644,909,695            1,361,279           0.00%
perlbench_2                    815,059,671,631      815,045,184,114          -14,487,517          -0.00%
povray_0                     1,412,714,544,687    1,412,714,472,042              -72,645          -0.00%
sjeng_0                      2,780,258,946,717    2,780,258,946,909                  192           0.00%
soplex_0                       457,698,954,263      457,698,954,319                   56           0.00%
soplex_1                       689,629,013,690      689,629,013,658                  -32          -0.00%
--------------------------------------------------------------------------------------------------------------
