
Benchmark Instruction Count Comparison Table (Individual Runs):
--------------------------------------------------------------------------------------------------------------
Benchmark                         Origin Count            Rev Count                 Diff           Diff%
--------------------------------------------------------------------------------------------------------------
astar_0                        585,246,559,549      585,246,559,684                  135           0.00%
astar_1                      1,150,836,035,667    1,150,836,035,761                   94           0.00%
bzip2_0                        503,740,507,715      491,162,534,848      -12,577,972,867          -2.50%
bzip2_1                        214,987,021,249      214,077,591,277         -909,429,972          -0.42%
bzip2_2                        411,985,638,188      411,948,497,829          -37,140,359          -0.01%
bzip2_3                        621,054,349,766      610,148,755,431      -10,905,594,335          -1.76%
bzip2_4                        899,641,074,227      886,001,094,402      -13,639,979,825          -1.52%
bzip2_5                        404,870,685,549      396,040,163,124       -8,830,522,425          -2.18%
gcc_0                           82,060,664,141       81,408,185,628         -652,478,513          -0.80%
gcc_1                          168,385,936,881      166,804,246,319       -1,581,690,562          -0.94%
gcc_2                          140,887,157,443      138,199,641,965       -2,687,515,478          -1.91%
gcc_3                          104,470,253,109      103,949,099,441         -521,153,668          -0.50%
gcc_4                          112,827,066,669      110,545,109,055       -2,281,957,614          -2.02%
gcc_5                          151,588,044,962      148,973,727,564       -2,614,317,398          -1.72%
gcc_6                          182,594,679,439      180,726,116,438       -1,868,563,001          -1.02%
gcc_7                          171,510,755,399      168,196,013,629       -3,314,741,770          -1.93%
gcc_8                           66,358,113,821       66,359,142,219            1,028,398           0.00%
gobmk_0                        267,408,867,364      267,408,867,454                   90           0.00%
gobmk_1                        712,257,874,123      712,257,874,213                   90           0.00%
gobmk_2                        381,318,203,302      381,318,203,392                   90           0.00%
gobmk_3                        269,824,598,969      269,824,599,059                   90           0.00%
gobmk_4                        386,236,932,778      386,236,932,868                   90           0.00%
h264ref_0                      531,215,993,119      531,215,911,770              -81,349          -0.00%
h264ref_1                      462,460,272,241      462,460,188,869              -83,372          -0.00%
h264ref_2                    4,275,007,689,538    4,275,006,929,760             -759,778          -0.00%
hmmer_0                        962,647,208,674      961,540,931,827       -1,106,276,847          -0.11%
hmmer_1                      2,064,047,459,859    2,059,450,566,696       -4,596,893,163          -0.22%
mcf_0                          339,556,690,446      337,574,133,046       -1,982,557,400          -0.58%
omnetpp_0                    1,140,976,470,567    1,137,242,004,390       -3,734,466,177          -0.33%
perlbench_0                  1,371,130,535,032    1,362,027,075,621       -9,103,459,411          -0.66%
perlbench_1                    488,643,548,299      485,863,751,301       -2,779,796,998          -0.57%
perlbench_2                    815,059,671,598      812,283,137,861       -2,776,533,737          -0.34%
povray_0                     1,412,714,441,793    1,412,384,708,468         -329,733,325          -0.02%
sjeng_0                      2,780,258,946,717    2,780,258,946,909                  192           0.00%
soplex_0                       457,699,483,673      440,094,352,362      -17,605,131,311          -3.85%
soplex_1                       689,630,860,188      674,264,496,192      -15,366,363,996          -2.23%
--------------------------------------------------------------------------------------------------------------
