
Benchmark Instruction Count Comparison Table (Individual Runs):
--------------------------------------------------------------------------------------------------------------
Benchmark                         Origin Count            Rev Count                 Diff           Diff%
--------------------------------------------------------------------------------------------------------------
500.perlbench_r_workload0    1,610,317,913,627    1,610,320,999,009            3,085,382           0.00%
500.perlbench_r_workload1      970,293,327,022      970,293,553,293              226,271           0.00%
500.perlbench_r_workload2      898,960,744,411      898,963,532,637            2,788,226           0.00%
502.gcc_r_workload0            327,309,743,435      327,352,828,284           43,084,849           0.01%
502.gcc_r_workload1            384,501,998,247      384,466,478,151          -35,520,096          -0.01%
502.gcc_r_workload2            425,321,728,144      425,377,521,080           55,792,936           0.01%
502.gcc_r_workload3            357,332,122,218      357,284,965,981          -47,156,237          -0.01%
502.gcc_r_workload4            471,399,680,082      470,777,117,143         -622,562,939          -0.13%
508.namd_r_workload0         2,099,427,406,853    2,099,427,406,726                 -127          -0.00%
510.parest_r_workload0       8,191,989,521,660    8,191,989,521,386                 -274          -0.00%
511.povray_r_workload0       5,554,965,007,711    5,554,965,006,912                 -799          -0.00%
519.lbm_r_workload0          1,223,935,336,330    1,223,935,336,314                  -16          -0.00%
520.omnetpp_r_workload0      3,019,669,897,363    3,021,899,153,128        2,229,255,765           0.07%
525.x264_r_workload0           535,963,147,966      535,963,148,002                   36           0.00%
525.x264_r_workload1         1,943,348,937,882    1,921,898,248,355      -21,450,689,527          -1.10%
531.deepsjeng_r_workload0    2,387,210,143,391    2,387,210,143,484                   93           0.00%
538.imagick_r_workload0      4,002,139,510,331    4,001,997,953,827         -141,556,504          -0.00%
541.leela_r_workload0        6,942,765,802,083    6,942,645,881,881         -119,920,202          -0.00%
544.nab_r_workload0          1,814,739,815,152    1,815,813,422,667        1,073,607,515           0.06%
557.xz_r_workload0             570,856,418,602      570,856,418,846                  244           0.00%
557.xz_r_workload1             970,109,384,520      970,109,384,782                  262           0.00%
557.xz_r_workload2             735,852,435,955      735,852,436,212                  257           0.00%
--------------------------------------------------------------------------------------------------------------
